0 info it worked if it ends with ok
1 verbose cli [ '/usr/local/bin/node', '/usr/local/bin/npm', 'run', 'e2e' ]
2 info using npm@3.10.3
3 info using node@v5.11.1
4 verbose run-script [ 'pree2e', 'e2e', 'poste2e' ]
5 info lifecycle mtcu_template@~pree2e: mtcu_template@
6 silly lifecycle mtcu_template@~pree2e: no script for pree2e, continuing
7 info lifecycle mtcu_template@~e2e: mtcu_template@
8 verbose lifecycle mtcu_template@~e2e: unsafe-perm in lifecycle true
9 verbose lifecycle mtcu_template@~e2e: PATH: /usr/local/lib/node_modules/npm/bin/node-gyp-bin:/Volumes/Users/julio_lemes/Projects/mba/lab/mtcu_template/node_modules/.bin:/usr/local/bin:/usr/local/mysql/bin:/Library/Frameworks/Python.framework/Versions/2.7/bin:/Volumes/Users/julio_lemes/Applications/android-sdk/platform-tools:/Volumes/Users/julio_lemes/Applications/android-sdk/tools:/Volumes/Users/julio_lemes/Applications/Sencha/Cmd/6.1.1.76:/usr/local/bin:/usr/bin:/bin:/usr/sbin:/sbin
10 verbose lifecycle mtcu_template@~e2e: CWD: /Volumes/Users/julio_lemes/Projects/mba/lab/mtcu_template
11 silly lifecycle mtcu_template@~e2e: Args: [ '-c',
11 silly lifecycle   'gulp --gulpfile test/gulpfile.ts --cwd ./ build-e2e && protractor test/protractor.conf.js' ]
12 silly lifecycle mtcu_template@~e2e: Returned: code: 1  signal: null
13 info lifecycle mtcu_template@~e2e: Failed to exec e2e script
14 verbose stack Error: mtcu_template@ e2e: `gulp --gulpfile test/gulpfile.ts --cwd ./ build-e2e && protractor test/protractor.conf.js`
14 verbose stack Exit status 1
14 verbose stack     at EventEmitter.<anonymous> (/usr/local/lib/node_modules/npm/lib/utils/lifecycle.js:242:16)
14 verbose stack     at emitTwo (events.js:100:13)
14 verbose stack     at EventEmitter.emit (events.js:185:7)
14 verbose stack     at ChildProcess.<anonymous> (/usr/local/lib/node_modules/npm/lib/utils/spawn.js:40:14)
14 verbose stack     at emitTwo (events.js:100:13)
14 verbose stack     at ChildProcess.emit (events.js:185:7)
14 verbose stack     at maybeClose (internal/child_process.js:850:16)
14 verbose stack     at Process.ChildProcess._handle.onexit (internal/child_process.js:215:5)
15 verbose pkgid mtcu_template@
16 verbose cwd /Volumes/Users/julio_lemes/Projects/mba/lab/mtcu_template
17 error Darwin 15.5.0
18 error argv "/usr/local/bin/node" "/usr/local/bin/npm" "run" "e2e"
19 error node v5.11.1
20 error npm  v3.10.3
21 error code ELIFECYCLE
22 error mtcu_template@ e2e: `gulp --gulpfile test/gulpfile.ts --cwd ./ build-e2e && protractor test/protractor.conf.js`
22 error Exit status 1
23 error Failed at the mtcu_template@ e2e script 'gulp --gulpfile test/gulpfile.ts --cwd ./ build-e2e && protractor test/protractor.conf.js'.
23 error Make sure you have the latest version of node.js and npm installed.
23 error If you do, this is most likely a problem with the mtcu_template package,
23 error not with npm itself.
23 error Tell the author that this fails on your system:
23 error     gulp --gulpfile test/gulpfile.ts --cwd ./ build-e2e && protractor test/protractor.conf.js
23 error You can get information on how to open an issue for this project with:
23 error     npm bugs mtcu_template
23 error Or if that isn't available, you can get their info via:
23 error     npm owner ls mtcu_template
23 error There is likely additional logging output above.
24 verbose exit [ 1, true ]
